0 info it worked if it ends with ok
1 verbose cli [ '/usr/bin/nodejs',
1 verbose cli   '/home/ruanyf/npm-global/bin/npm',
1 verbose cli   'version',
1 verbose cli   'patch',
1 verbose cli   '-m',
1 verbose cli   'refactor: Version %s - rename index.template to page.template' ]
2 info using npm@3.8.8
3 info using node@v4.4.7
4 info git [ 'status', '--porcelain' ]
5 verbose stack Error: Git working directory not clean.
5 verbose stack D theme/index.template
5 verbose stack     at /home/ruanyf/npm-global/lib/node_modules/npm/lib/version.js:246:19
5 verbose stack     at ChildProcess.exithandler (child_process.js:204:7)
5 verbose stack     at emitTwo (events.js:87:13)
5 verbose stack     at ChildProcess.emit (events.js:172:7)
5 verbose stack     at maybeClose (internal/child_process.js:827:16)
5 verbose stack     at Socket.<anonymous> (internal/child_process.js:319:11)
5 verbose stack     at emitOne (events.js:77:13)
5 verbose stack     at Socket.emit (events.js:169:7)
5 verbose stack     at Pipe._onclose (net.js:486:12)
6 verbose cwd /home/ruanyf/project/loppo-theme-oceandeep
7 error Linux 3.16.0-4-amd64
8 error argv "/usr/bin/nodejs" "/home/ruanyf/npm-global/bin/npm" "version" "patch" "-m" "refactor: Version %s - rename index.template to page.template"
9 error node v4.4.7
10 error npm  v3.8.8
11 error Git working directory not clean.
11 error D theme/index.template
12 error If you need help, you may report this error at:
12 error     <https://github.com/npm/npm/issues>
13 verbose exit [ 1, true ]
